0 info it worked if it ends with ok
1 verbose cli [ '/usr/local/bin/node', '/usr/local/bin/npm', 'publish' ]
2 info using npm@4.1.2
3 info using node@v7.7.1
4 verbose publish [ '.' ]
5 silly cache add args [ '.', null ]
6 verbose cache add spec .
7 silly cache add parsed spec Result {
7 silly cache add   raw: '.',
7 silly cache add   scope: null,
7 silly cache add   escapedName: null,
7 silly cache add   name: null,
7 silly cache add   rawSpec: '.',
7 silly cache add   spec: '/Users/vml183/MyWorkspace/vue2-bootstrap-modal',
7 silly cache add   type: 'directory' }
8 verbose addLocalDirectory /Users/vml183/.npm/vue2-bootstrap-modal/0.1.4/package.tgz not in flight; packing
9 verbose correctMkdir /Users/vml183/.npm correctMkdir not in flight; initializing
10 info lifecycle vue2-bootstrap-modal@0.1.4~prepublish: vue2-bootstrap-modal@0.1.4
11 silly lifecycle vue2-bootstrap-modal@0.1.4~prepublish: no script for prepublish, continuing
12 info lifecycle vue2-bootstrap-modal@0.1.4~prepare: vue2-bootstrap-modal@0.1.4
13 silly lifecycle vue2-bootstrap-modal@0.1.4~prepare: no script for prepare, continuing
14 verbose tar pack [ '/Users/vml183/.npm/vue2-bootstrap-modal/0.1.4/package.tgz',
14 verbose tar pack   '/Users/vml183/MyWorkspace/vue2-bootstrap-modal' ]
15 verbose tarball /Users/vml183/.npm/vue2-bootstrap-modal/0.1.4/package.tgz
16 verbose folder /Users/vml183/MyWorkspace/vue2-bootstrap-modal
17 verbose addLocalTarball adding from inside cache /Users/vml183/.npm/vue2-bootstrap-modal/0.1.4/package.tgz
18 verbose correctMkdir /Users/vml183/.npm correctMkdir not in flight; initializing
19 silly cache afterAdd vue2-bootstrap-modal@0.1.4
20 verbose afterAdd /Users/vml183/.npm/vue2-bootstrap-modal/0.1.4/package/package.json not in flight; writing
21 verbose correctMkdir /Users/vml183/.npm correctMkdir not in flight; initializing
22 verbose afterAdd /Users/vml183/.npm/vue2-bootstrap-modal/0.1.4/package/package.json written
23 silly publish { name: 'vue2-bootstrap-modal',
23 silly publish   version: '0.1.4',
23 silly publish   description: 'Vue 2 Bootstrap Component',
23 silly publish   main: 'dist/bootstrap-modal.js',
23 silly publish   scripts:
23 silly publish    { dev: 'webpack-dev-server',
23 silly publish      build: 'cross-env NODE_ENV=production webpack --progress --hide-modules --config  webpack.config.build.min.js && cross-env NODE_ENV=production webpack --progress --hide-modules --config  webpack.config.build.js && cross-env NODE_ENV=production webpack --progress --hide-modules --config  webpack.config.js' },
23 silly publish   repository:
23 silly publish    { type: 'git',
23 silly publish      url: 'git+https://github.com/joturako/vue2-bootstrap-modal.git' },
23 silly publish   keywords: [ 'vue2', 'bootstrap', 'vue-component', 'vue2-bootstrap-modal' ],
23 silly publish   author:
23 silly publish    { name: 'Luong Vu',
23 silly publish      email: 'luongvm183@gmail.com',
23 silly publish      url: 'https://luongvu.com' },
23 silly publish   license: 'MIT',
23 silly publish   peerDependencies: {},
23 silly publish   devDependencies:
23 silly publish    { 'babel-core': '^6.18.2',
23 silly publish      'babel-helper-vue-jsx-merge-props': '^2.0.2',
23 silly publish      'babel-loader': '^6.2.8',
23 silly publish      'babel-plugin-syntax-jsx': '^6.18.0',
23 silly publish      'babel-plugin-transform-runtime': '^6.15.0',
23 silly publish      'babel-plugin-transform-vue-jsx': '^3.2.0',
23 silly publish      'babel-preset-es2015': '^6.18.0',
23 silly publish      'babel-preset-stage-0': '^6.16.0',
23 silly publish      'babel-runtime': '^6.18.0',
23 silly publish      'bootstrap-loader': '^1.3.1',
23 silly publish      'bootstrap-sass': '^3.3.7',
23 silly publish      'cross-env': '^3.1.3',
23 silly publish      'css-loader': '^0.26.0',
23 silly publish      'extract-text-webpack-plugin': '^1.0.1',
23 silly publish      'file-loader': '^0.9.0',
23 silly publish      less: '^2.7.1',
23 silly publish      'less-loader': '^2.2.3',
23 silly publish      'node-sass': '^3.13.0',
23 silly publish      'resolve-url-loader': '^1.6.0',
23 silly publish      'sass-loader': '^4.0.2',
23 silly publish      'style-loader': '^0.13.1',
23 silly publish      'url-loader': '^0.5.7',
23 silly publish      vue: '^2.1.3',
23 silly publish      'vue-hot-reload-api': '^2.0.6',
23 silly publish      'vue-html-loader': '^1.2.3',
23 silly publish      'vue-loader': '^10.0.1',
23 silly publish      'vue-template-compiler': '^2.1.3',
23 silly publish      webpack: '^1.13.3',
23 silly publish      'webpack-dev-server': '^1.16.2' },
23 silly publish   readme: '\n# vue2-bootstrap-modal\n> To show modal in a bootstrap compatible way, for Vue 2.x\n\n** Updated package to exclude bootstrap css and js, you need to install bootstrap-loader**\n\n[![NPM](https://nodei.co/npm/vue2-bootstrap-modal.png?downloads=true)](https://nodei.co/npm/vue2-bootstrap-modal/)\n\n## Install\n\n``` bash\n    npm install vue2-bootstrap-modal --save\n```\n\n## Usage\nRequire the component (globally or in another component)\n```\ncomponents: {\n    \'bootstrap-modal\': require(\'vue2-bootstrap-modal\')\n},\n```\nThen in your template:\n```\n<div>\n...\n<bootstrap-modal ref="theBootstrapModal">\n<div slot="title">\n    Your title here\n</div>\n<div slot="body">\n    Your body here\n</div>\n<div slot="footer">\n    Your footer here\n</div>\n</bootstrap-modal>\n...\n</div>\n```\n## Documentation\n\nModal functions exposed through the **ref** variable\n\n### open()\nOpens the modal\n\n### close()\nCloses the modal\n\n## Example\n\nSee ```index.html``` for example use\n\n##Intended Use\nMy way of using this is to write a component which use this modal component, add proper elements into slots, then call open, close and handle the elements event as needed.\n\n##To-do\nExpose configuration, like backdrop darkness value\n\n##Contributing\nContributions are welcomed\n\n##Release History\n0.1.0 Initial release\n\n## Build Setup\n\n``` bash\n# install dependencies\nnpm install\n\n# serve with hot reload at localhost:8080\nnpm run dev\n\n# build for production with minification\nnpm run build\n```\n',
23 silly publish   readmeFilename: 'README.md',
23 silly publish   gitHead: '23a2ace72e3cb851108a7eb3689eaf28ecd2fa7a',
23 silly publish   bugs: { url: 'https://github.com/joturako/vue2-bootstrap-modal/issues' },
23 silly publish   homepage: 'https://github.com/joturako/vue2-bootstrap-modal#readme',
23 silly publish   _id: 'vue2-bootstrap-modal@0.1.4',
23 silly publish   _shasum: 'd6c17a53acd8059308314344b386951c26d1bede',
23 silly publish   _from: '.' }
24 info lifecycle vue2-bootstrap-modal@0.1.4~prepublishOnly: vue2-bootstrap-modal@0.1.4
25 silly lifecycle vue2-bootstrap-modal@0.1.4~prepublishOnly: no script for prepublishOnly, continuing
26 verbose getPublishConfig undefined
27 silly mapToRegistry name vue2-bootstrap-modal
28 silly mapToRegistry using default registry
29 silly mapToRegistry registry https://registry.npmjs.org/
30 silly mapToRegistry data Result {
30 silly mapToRegistry   raw: 'vue2-bootstrap-modal',
30 silly mapToRegistry   scope: null,
30 silly mapToRegistry   escapedName: 'vue2-bootstrap-modal',
30 silly mapToRegistry   name: 'vue2-bootstrap-modal',
30 silly mapToRegistry   rawSpec: '',
30 silly mapToRegistry   spec: 'latest',
30 silly mapToRegistry   type: 'tag' }
31 silly mapToRegistry uri https://registry.npmjs.org/vue2-bootstrap-modal
32 verbose publish registryBase https://registry.npmjs.org/
33 silly publish uploading /Users/vml183/.npm/vue2-bootstrap-modal/0.1.4/package.tgz
34 verbose request uri https://registry.npmjs.org/vue2-bootstrap-modal
35 verbose request sending authorization for write operation
36 info attempt registry request try #1 at 3:21:46 PM
37 verbose request using bearer token for auth
38 verbose request id 7b0958036aa61f7c
39 http request PUT https://registry.npmjs.org/vue2-bootstrap-modal
40 http 403 https://registry.npmjs.org/vue2-bootstrap-modal
41 verbose headers { 'content-type': 'application/json',
41 verbose headers   'cache-control': 'max-age=300',
41 verbose headers   'content-length': '95',
41 verbose headers   'accept-ranges': 'bytes',
41 verbose headers   date: 'Mon, 13 Mar 2017 08:21:49 GMT',
41 verbose headers   via: '1.1 varnish',
41 verbose headers   connection: 'keep-alive',
41 verbose headers   'x-served-by': 'cache-lax8624-LAX',
41 verbose headers   'x-cache': 'MISS',
41 verbose headers   'x-cache-hits': '0',
41 verbose headers   'x-timer': 'S1489393308.128798,VS0,VE1597',
41 verbose headers   vary: 'Accept-Encoding' }
42 verbose request invalidating /Users/vml183/.npm/registry.npmjs.org/vue2-bootstrap-modal on PUT
43 error publish Failed PUT 403
44 verbose stack Error: "You cannot publish over the previously published version 0.1.4." : vue2-bootstrap-modal
44 verbose stack     at makeError (/usr/local/lib/node_modules/npm/node_modules/npm-registry-client/lib/request.js:304:12)
44 verbose stack     at CachingRegistryClient.<anonymous> (/usr/local/lib/node_modules/npm/node_modules/npm-registry-client/lib/request.js:292:14)
44 verbose stack     at Request._callback (/usr/local/lib/node_modules/npm/node_modules/npm-registry-client/lib/request.js:212:14)
44 verbose stack     at Request.self.callback (/usr/local/lib/node_modules/npm/node_modules/request/request.js:186:22)
44 verbose stack     at emitTwo (events.js:106:13)
44 verbose stack     at Request.emit (events.js:194:7)
44 verbose stack     at Request.<anonymous> (/usr/local/lib/node_modules/npm/node_modules/request/request.js:1081:10)
44 verbose stack     at emitOne (events.js:96:13)
44 verbose stack     at Request.emit (events.js:191:7)
44 verbose stack     at IncomingMessage.<anonymous> (/usr/local/lib/node_modules/npm/node_modules/request/request.js:1001:12)
45 verbose statusCode 403
46 verbose pkgid vue2-bootstrap-modal
47 verbose cwd /Users/vml183/MyWorkspace/vue2-bootstrap-modal
48 error Darwin 16.4.0
49 error argv "/usr/local/bin/node" "/usr/local/bin/npm" "publish"
50 error node v7.7.1
51 error npm  v4.1.2
52 error code E403
53 error "You cannot publish over the previously published version 0.1.4." : vue2-bootstrap-modal
54 error If you need help, you may report this error at:
54 error     <https://github.com/npm/npm/issues>
55 verbose exit [ 1, true ]
